
**** Build of configuration Debug for project LAB4CCS ****

"C:\\ti\\ccsv7\\utils\\bin\\gmake" -k -j 8 all -O 
 
'Building file: "../source/main.c"'
'Invoking: MSP430 Compiler'
"C:/ti/ccsv7/tools/compiler/ti-cgt-msp430_16.9.6.LTS/bin/cl430" -vmsp --use_hw_mpy=none --include_path="C:/ti/ccsv7/ccs_base/msp430/include" --include_path="C:/Users/zivza/Ziv/English/Comp2/projects/LAB4/LAB4CCS" --include_path="C:/ti/ccsv7/tools/compiler/ti-cgt-msp430_16.9.6.LTS/include" --advice:power=all --define=__MSP430G2553__ -g --printf_support=minimal --diag_warning=225 --diag_wrap=off --display_error_number --preproc_with_compile --preproc_dependency="source/main.d_raw" --obj_directory="source"  "../source/main.c"
"../source/main.c", line 23: warning #225-D: function "sysConfig" declared implicitly
"../source/main.c", line 32: warning #225-D: function "enterLPM" declared implicitly
"../source/main.c", line 38: warning #225-D: function "state1Func" declared implicitly
"../source/main.c", line 44: warning #225-D: function "state2Func" declared implicitly
"../source/main.c", line 5: remark #1535-D: (ULP 8.1) variable "lpm_mode" is used as a constant. Recommend declaring variable as either 'static const' or 'const'
"../source/main.c", line 8: remark #1535-D: (ULP 8.1) variable "input_slot" is used as a constant. Recommend declaring variable as either 'static const' or 'const'
"../source/main.c", line 9: remark #1535-D: (ULP 8.1) variable "x" is used as a constant. Recommend declaring variable as either 'static const' or 'const'
"../source/main.c", line 14: remark #1535-D: (ULP 8.1) variable "j" is used as a constant. Recommend declaring variable as either 'static const' or 'const'
'Finished building: "../source/main.c"'
 
'Building target: "LAB4CCS.out"'
'Invoking: MSP430 Linker'
"C:/ti/ccsv7/tools/compiler/ti-cgt-msp430_16.9.6.LTS/bin/cl430" -vmsp --use_hw_mpy=none --advice:power=all --define=__MSP430G2553__ -g --printf_support=minimal --diag_warning=225 --diag_wrap=off --display_error_number -z -m"LAB4CCS.map" --heap_size=80 --stack_size=80 -i"C:/ti/ccsv7/ccs_base/msp430/include" -i"C:/ti/ccsv7/tools/compiler/ti-cgt-msp430_16.9.6.LTS/lib" -i"C:/ti/ccsv7/tools/compiler/ti-cgt-msp430_16.9.6.LTS/include" --reread_libs --diag_wrap=off --display_error_number --warn_sections --xml_link_info="LAB4CCS_linkInfo.xml" --use_hw_mpy=none --rom_model -o "LAB4CCS.out" "./source/api.obj" "./source/bsp.obj" "./source/halGPIO.obj" "./source/main.obj" "../lnk_msp430g2553.cmd"  -llibc.a 
<Linking>
remark #10372-D: (ULP 4.1) Detected uninitialized Port 3 in this project. Recommend initializing all unused ports to eliminate wasted current consumption on unused pins.
'Finished building target: "LAB4CCS.out"'
 

**** Build Finished ****
