
**** Build of configuration Debug for project Lab1CCS ****

"C:\\ti\\ccsv7\\utils\\bin\\gmake" -k -j 8 all -O 
 
'Building file: "../bsp.c"'
'Invoking: MSP430 Compiler'
"C:/ti/ccsv7/tools/compiler/ti-cgt-msp430_16.9.6.LTS/bin/cl430" -vmspx --data_model=restricted --use_hw_mpy=16 --include_path="C:/ti/ccsv7/ccs_base/msp430/include" --include_path="C:/Users/zivza/Ziv/English/Comp2/projects/LAB1/Lab1CCS" --include_path="C:/ti/ccsv7/tools/compiler/ti-cgt-msp430_16.9.6.LTS/include" --include_path="C:/Users/zivza/Ziv/English/Comp2/projects/LAB1/MSP430G2xx3/interruptDrivenFSMAbstractionLayers/cCode/source" --include_path="C:/Users/zivza/Ziv/English/Comp2/projects/LAB1/MSP430G2xx3/interruptDrivenFSMAbstractionLayers/cCode/header" --advice:power=all --define=__MSP430FG4616__ -g --printf_support=minimal --diag_warning=225 --diag_wrap=off --display_error_number --preproc_with_compile --preproc_dependency="bsp.d_raw"  "../bsp.c"
'Finished building: "../bsp.c"'
 
'Building file: "../api.c"'
'Invoking: MSP430 Compiler'
"C:/ti/ccsv7/tools/compiler/ti-cgt-msp430_16.9.6.LTS/bin/cl430" -vmspx --data_model=restricted --use_hw_mpy=16 --include_path="C:/ti/ccsv7/ccs_base/msp430/include" --include_path="C:/Users/zivza/Ziv/English/Comp2/projects/LAB1/Lab1CCS" --include_path="C:/ti/ccsv7/tools/compiler/ti-cgt-msp430_16.9.6.LTS/include" --include_path="C:/Users/zivza/Ziv/English/Comp2/projects/LAB1/MSP430G2xx3/interruptDrivenFSMAbstractionLayers/cCode/source" --include_path="C:/Users/zivza/Ziv/English/Comp2/projects/LAB1/MSP430G2xx3/interruptDrivenFSMAbstractionLayers/cCode/header" --advice:power=all --define=__MSP430FG4616__ -g --printf_support=minimal --diag_warning=225 --diag_wrap=off --display_error_number --preproc_with_compile --preproc_dependency="api.d_raw"  "../api.c"
"../api.c", line 20: remark #1544-D: (ULP 13.1) Detected loop counting up. Recommend loops count down as detecting zeros is easier
"../api.c", line 45: warning #69-D: integer conversion resulted in a change of sign
"../api.c", line 33: remark #1544-D: (ULP 13.1) Detected loop counting up. Recommend loops count down as detecting zeros is easier
"../api.c", line 43: remark #1544-D: (ULP 13.1) Detected loop counting up. Recommend loops count down as detecting zeros is easier
"../api.c", line 33: remark #1544-D: (ULP 13.1) Detected loop counting up. Recommend loops count down as detecting zeros is easier
"../api.c", line 43: remark #1544-D: (ULP 13.1) Detected loop counting up. Recommend loops count down as detecting zeros is easier
"../api.c", line 55: remark #1544-D: (ULP 13.1) Detected loop counting up. Recommend loops count down as detecting zeros is easier
"../api.c", line 84: warning #225-D: function "printRGB" declared implicitly
"../api.c", line 87: warning #225-D: function "printRGB" declared implicitly
"../api.c", line 83: remark #1544-D: (ULP 13.1) Detected loop counting up. Recommend loops count down as detecting zeros is easier
"../api.c", line 84: remark #2553-D: (ULP 14.1) Array index (involving "i") of type "int". Recommend using "unsigned int"
"../api.c", line 84: remark #1530-D: (ULP 5.1) Detected modulo operation(s). Recommend moving them to RAM during run time or not using as these are processing/power intensive
'Finished building: "../api.c"'
 
'Building file: "../main.c"'
'Invoking: MSP430 Compiler'
"C:/ti/ccsv7/tools/compiler/ti-cgt-msp430_16.9.6.LTS/bin/cl430" -vmspx --data_model=restricted --use_hw_mpy=16 --include_path="C:/ti/ccsv7/ccs_base/msp430/include" --include_path="C:/Users/zivza/Ziv/English/Comp2/projects/LAB1/Lab1CCS" --include_path="C:/ti/ccsv7/tools/compiler/ti-cgt-msp430_16.9.6.LTS/include" --include_path="C:/Users/zivza/Ziv/English/Comp2/projects/LAB1/MSP430G2xx3/interruptDrivenFSMAbstractionLayers/cCode/source" --include_path="C:/Users/zivza/Ziv/English/Comp2/projects/LAB1/MSP430G2xx3/interruptDrivenFSMAbstractionLayers/cCode/header" --advice:power=all --define=__MSP430FG4616__ -g --printf_support=minimal --diag_warning=225 --diag_wrap=off --display_error_number --preproc_with_compile --preproc_dependency="main.d_raw"  "../main.c"
"../main.c", line 6: remark #1535-D: (ULP 8.1) variable "lpm_mode" is used as a constant. Recommend declaring variable as either 'static const' or 'const'
"../main.c", line 8: remark #1535-D: (ULP 8.1) variable "state2LED" is used as a constant. Recommend declaring variable as either 'static const' or 'const'
"../main.c", line 9: remark #1535-D: (ULP 8.1) variable "state1LED" is used as a constant. Recommend declaring variable as either 'static const' or 'const'
"../main.c", line 10: remark #1535-D: (ULP 8.1) variable "dutyCycle" is used as a constant. Recommend declaring variable as either 'static const' or 'const'
'Finished building: "../main.c"'
 
'Building file: "../halGPIO.c"'
'Invoking: MSP430 Compiler'
"C:/ti/ccsv7/tools/compiler/ti-cgt-msp430_16.9.6.LTS/bin/cl430" -vmspx --data_model=restricted --use_hw_mpy=16 --include_path="C:/ti/ccsv7/ccs_base/msp430/include" --include_path="C:/Users/zivza/Ziv/English/Comp2/projects/LAB1/Lab1CCS" --include_path="C:/ti/ccsv7/tools/compiler/ti-cgt-msp430_16.9.6.LTS/include" --include_path="C:/Users/zivza/Ziv/English/Comp2/projects/LAB1/MSP430G2xx3/interruptDrivenFSMAbstractionLayers/cCode/source" --include_path="C:/Users/zivza/Ziv/English/Comp2/projects/LAB1/MSP430G2xx3/interruptDrivenFSMAbstractionLayers/cCode/header" --advice:power=all --define=__MSP430FG4616__ -g --printf_support=minimal --diag_warning=225 --diag_wrap=off --display_error_number --preproc_with_compile --preproc_dependency="halGPIO.d_raw"  "../halGPIO.c"
"../halGPIO.c", line 69: remark #1527-D: (ULP 2.1) Detected SW delay loop using empty loop. Recommend using a timer module instead
"../halGPIO.c", line 104: warning #9-D: nested comment is not allowed
"../halGPIO.c", line 124: remark #1538-D: (ULP 10.1) ISR PBs_handler calls function delay. Recommend moving function call away from ISR, or inlining the function, or using pragmas
"../halGPIO.c", line 145: remark #1538-D: (ULP 10.1) ISR PBs_handler calls function clrLEDs. Recommend moving function call away from ISR, or inlining the function, or using pragmas
'Finished building: "../halGPIO.c"'
 
'Building target: "Lab1CCS.out"'
'Invoking: MSP430 Linker'
"C:/ti/ccsv7/tools/compiler/ti-cgt-msp430_16.9.6.LTS/bin/cl430" -vmspx --data_model=restricted --use_hw_mpy=16 --advice:power=all --define=__MSP430FG4616__ -g --printf_support=minimal --diag_warning=225 --diag_wrap=off --display_error_number -z -m"Lab1CCS.map" --heap_size=80 --stack_size=80 --cinit_hold_wdt=on -i"C:/ti/ccsv7/ccs_base/msp430/include" -i"C:/ti/ccsv7/tools/compiler/ti-cgt-msp430_16.9.6.LTS/lib" -i"C:/ti/ccsv7/tools/compiler/ti-cgt-msp430_16.9.6.LTS/include" --reread_libs --diag_wrap=off --display_error_number --warn_sections --xml_link_info="Lab1CCS_linkInfo.xml" --use_hw_mpy=16 --rom_model -o "Lab1CCS.out" "./api.obj" "./bsp.obj" "./halGPIO.obj" "./main.obj" "../lnk_msp430fg4616.cmd"  -llibc.a 
<Linking>
remark #10372-D: (ULP 4.1) Detected uninitialized Port 3 in this project. Recommend initializing all unused ports to eliminate wasted current consumption on unused pins.
'Finished building target: "Lab1CCS.out"'
 

**** Build Finished ****
